{
  "stats": {
    "suites": 1,
    "tests": 2,
    "passes": 2,
    "pending": 0,
    "failures": 0,
    "start": "2021-07-19T07:56:13.786Z",
    "end": "2021-07-19T07:57:44.689Z",
    "duration": 90903,
    "testsRegistered": 2,
    "passPercent": 100,
    "pendingPercent": 0,
    "other": 0,
    "hasOther": false,
    "skipped": 0,
    "hasSkipped": false
  },
  "results": [
    {
      "uuid": "fee78e7d-0178-4828-8e94-938cd98e751b",
      "title": "",
      "fullFile": "cypress/integration/fs/Elements.js",
      "file": "cypress/integration/fs/Elements.js",
      "beforeHooks": [],
      "afterHooks": [],
      "tests": [],
      "suites": [
        {
          "uuid": "4f672136-261d-4f32-a79f-6f56098d0a1b",
          "title": "Demo QA Testing",
          "fullFile": "",
          "file": "",
          "beforeHooks": [],
          "afterHooks": [],
          "tests": [
            {
              "title": "Upload File Test",
              "fullTitle": "Demo QA Testing Upload File Test",
              "timedOut": null,
              "duration": 29947,
              "state": "passed",
              "speed": "slow",
              "pass": true,
              "fail": false,
              "pending": false,
              "context": null,
              "code": "const filePath = 'files/example.json';\nconst homePage = new _HomePage.default();\nconst leftNavPage = new _LeftNavPage.default();\nconst uploaddownloadPage = new _uploadDownloadPage.default();\nhomePage.clickElementsLink();\nleftNavPage.clickUploadDownloadLink();\nuploaddownloadPage.clickAndChooseFile(filePath);\nuploaddownloadPage.validateFilePathText();",
              "err": {},
              "uuid": "bcf13e5b-e628-4eec-9e69-8c95c2e6ff42",
              "parentUUID": "4f672136-261d-4f32-a79f-6f56098d0a1b",
              "isHook": false,
              "skipped": false
            },
            {
              "title": "Check mandatory fields highilited in color on web table",
              "fullTitle": "Demo QA Testing Check mandatory fields highilited in color on web table",
              "timedOut": null,
              "duration": 32281,
              "state": "passed",
              "speed": "slow",
              "pass": true,
              "fail": false,
              "pending": false,
              "context": null,
              "code": "const homePage = new _HomePage.default();\nconst leftNavPage = new _LeftNavPage.default();\nconst webTablesPage = new _WebTablesPage.default();\nconst registrationPage = new _RegistrationPage.default();\nhomePage.clickElementsLink();\nleftNavPage.clickWebTablesLink();\nwebTablesPage.clickAddNewRecordButton();\nregistrationPage.fillSubmitNewRegistration();",
              "err": {},
              "uuid": "430aaa1e-f7d8-426a-8194-60afd9a45bb9",
              "parentUUID": "4f672136-261d-4f32-a79f-6f56098d0a1b",
              "isHook": false,
              "skipped": false
            }
          ],
          "suites": [],
          "passes": [
            "bcf13e5b-e628-4eec-9e69-8c95c2e6ff42",
            "430aaa1e-f7d8-426a-8194-60afd9a45bb9"
          ],
          "failures": [],
          "pending": [],
          "skipped": [],
          "duration": 62228,
          "root": false,
          "rootEmpty": false,
          "_timeout": 2000
        }
      ],
      "passes": [],
      "failures": [],
      "pending": [],
      "skipped": [],
      "duration": 0,
      "root": true,
      "rootEmpty": true,
      "_timeout": 2000
    }
  ],
  "meta": {
    "mocha": {
      "version": "7.0.1"
    },
    "mochawesome": {
      "options": {
        "quiet": false,
        "reportFilename": "mochawesome",
        "saveHtml": false,
        "saveJson": true,
        "consoleReporter": "spec",
        "useInlineDiffs": false,
        "code": true
      },
      "version": "6.2.2"
    },
    "marge": {
      "options": {
        "id": "default",
        "quite": true,
        "overwrite": false,
        "html": false,
        "json": true
      },
      "version": "5.2.0"
    }
  }
}