{
  "stats": {
    "suites": 1,
    "tests": 6,
    "passes": 6,
    "pending": 0,
    "failures": 0,
    "start": "2021-07-19T07:52:14.583Z",
    "end": "2021-07-19T07:55:14.928Z",
    "duration": 180345,
    "testsRegistered": 6,
    "passPercent": 100,
    "pendingPercent": 0,
    "other": 0,
    "hasOther": false,
    "skipped": 0,
    "hasSkipped": false
  },
  "results": [
    {
      "uuid": "7ea173e3-98aa-4424-a82d-e720a00c44fb",
      "title": "",
      "fullFile": "cypress/integration/fs/AlertsWinFrames.js",
      "file": "cypress/integration/fs/AlertsWinFrames.js",
      "beforeHooks": [],
      "afterHooks": [],
      "tests": [],
      "suites": [
        {
          "uuid": "f42a4689-5b0a-41ce-8af6-d49501e77313",
          "title": "Alerts Win Frames Testing",
          "fullFile": "",
          "file": "",
          "beforeHooks": [],
          "afterHooks": [],
          "tests": [
            {
              "title": "Alert Test",
              "fullTitle": "Alerts Win Frames Testing Alert Test",
              "timedOut": null,
              "duration": 37451,
              "state": "passed",
              "speed": "slow",
              "pass": true,
              "fail": false,
              "pending": false,
              "context": null,
              "code": "const homePage = new _HomePage.default();\nconst leftNavPage = new _LeftNavPage.default();\nconst alertsPage = new _AlertsPage.default();\nhomePage.clickAlertsFrmLink();\nleftNavPage.clickAlertsLink();\nalertsPage.clickAlertButtonAndAssert();",
              "err": {},
              "uuid": "101d8152-17d9-4ba4-924d-0dfe0798d2d0",
              "parentUUID": "f42a4689-5b0a-41ce-8af6-d49501e77313",
              "isHook": false,
              "skipped": false
            },
            {
              "title": "Timed Alert Test",
              "fullTitle": "Alerts Win Frames Testing Timed Alert Test",
              "timedOut": null,
              "duration": 47201,
              "state": "passed",
              "speed": "slow",
              "pass": true,
              "fail": false,
              "pending": false,
              "context": null,
              "code": "const homePage = new _HomePage.default();\nconst leftNavPage = new _LeftNavPage.default();\nconst alertsPage = new _AlertsPage.default();\nhomePage.clickAlertsFrmLink();\nleftNavPage.clickAlertsLink();\nalertsPage.clickTimerAlertButton();",
              "err": {},
              "uuid": "78d12c3e-b215-4d9e-afbe-e33615c428ce",
              "parentUUID": "f42a4689-5b0a-41ce-8af6-d49501e77313",
              "isHook": false,
              "skipped": false
            },
            {
              "title": "Confirm Box Alert Test - Click OK",
              "fullTitle": "Alerts Win Frames Testing Confirm Box Alert Test - Click OK",
              "timedOut": null,
              "duration": 26609,
              "state": "passed",
              "speed": "slow",
              "pass": true,
              "fail": false,
              "pending": false,
              "context": null,
              "code": "const homePage = new _HomePage.default();\nconst leftNavPage = new _LeftNavPage.default();\nconst alertsPage = new _AlertsPage.default();\nhomePage.clickAlertsFrmLink();\nleftNavPage.clickAlertsLink();\nalertsPage.clickConfirmButtonAndOK();\nalertsPage.validateConfirmBoxOKResultText();",
              "err": {},
              "uuid": "9c4b8590-030e-4872-9fb2-c873faacac64",
              "parentUUID": "f42a4689-5b0a-41ce-8af6-d49501e77313",
              "isHook": false,
              "skipped": false
            },
            {
              "title": "Confirm Box Alert Test - Click Cancel",
              "fullTitle": "Alerts Win Frames Testing Confirm Box Alert Test - Click Cancel",
              "timedOut": null,
              "duration": 17930,
              "state": "passed",
              "speed": "slow",
              "pass": true,
              "fail": false,
              "pending": false,
              "context": null,
              "code": "const homePage = new _HomePage.default();\nconst leftNavPage = new _LeftNavPage.default();\nconst alertsPage = new _AlertsPage.default();\nhomePage.clickAlertsFrmLink();\nleftNavPage.clickAlertsLink();\nalertsPage.clickConfirmButtonAndCancel();\nalertsPage.validateConfirmBoxCancelResultText();",
              "err": {},
              "uuid": "5fbcfe4c-26f7-475e-953f-3a9db0f123d8",
              "parentUUID": "f42a4689-5b0a-41ce-8af6-d49501e77313",
              "isHook": false,
              "skipped": false
            },
            {
              "title": "Prompt button Test",
              "fullTitle": "Alerts Win Frames Testing Prompt button Test",
              "timedOut": null,
              "duration": 17611,
              "state": "passed",
              "speed": "slow",
              "pass": true,
              "fail": false,
              "pending": false,
              "context": null,
              "code": "const homePage = new _HomePage.default();\nconst leftNavPage = new _LeftNavPage.default();\nconst alertsPage = new _AlertsPage.default();\nhomePage.clickAlertsFrmLink();\nleftNavPage.clickAlertsLink();\nalertsPage.clickPromptButton();\nalertsPage.validatePromptResultText();",
              "err": {},
              "uuid": "602783e0-5bfc-4fcf-b4a8-8cbb5d4b97ed",
              "parentUUID": "f42a4689-5b0a-41ce-8af6-d49501e77313",
              "isHook": false,
              "skipped": false
            },
            {
              "title": "Small Model Test",
              "fullTitle": "Alerts Win Frames Testing Small Model Test",
              "timedOut": null,
              "duration": 10776,
              "state": "passed",
              "speed": "slow",
              "pass": true,
              "fail": false,
              "pending": false,
              "context": null,
              "code": "const homePage = new _HomePage.default();\nconst leftNavPage = new _LeftNavPage.default();\nconst alertsPage = new _AlertsPage.default();\nconst modelDialogPage = new _ModelDialogPage.default();\nconst smallModelPage = new _SmallModelPage.default();\nhomePage.clickAlertsFrmLink();\nleftNavPage.clickModelDialogLink();\nmodelDialogPage.clickSmallModelButton();\nsmallModelPage.validateSmallModelBodyText();\nsmallModelPage.clickSmallModelCloseButton();",
              "err": {},
              "uuid": "f4c7a2e7-8631-4a1e-abe7-5ef242783d78",
              "parentUUID": "f42a4689-5b0a-41ce-8af6-d49501e77313",
              "isHook": false,
              "skipped": false
            }
          ],
          "suites": [],
          "passes": [
            "101d8152-17d9-4ba4-924d-0dfe0798d2d0",
            "78d12c3e-b215-4d9e-afbe-e33615c428ce",
            "9c4b8590-030e-4872-9fb2-c873faacac64",
            "5fbcfe4c-26f7-475e-953f-3a9db0f123d8",
            "602783e0-5bfc-4fcf-b4a8-8cbb5d4b97ed",
            "f4c7a2e7-8631-4a1e-abe7-5ef242783d78"
          ],
          "failures": [],
          "pending": [],
          "skipped": [],
          "duration": 157578,
          "root": false,
          "rootEmpty": false,
          "_timeout": 2000
        }
      ],
      "passes": [],
      "failures": [],
      "pending": [],
      "skipped": [],
      "duration": 0,
      "root": true,
      "rootEmpty": true,
      "_timeout": 2000
    }
  ],
  "meta": {
    "mocha": {
      "version": "7.0.1"
    },
    "mochawesome": {
      "options": {
        "quiet": false,
        "reportFilename": "mochawesome",
        "saveHtml": false,
        "saveJson": true,
        "consoleReporter": "spec",
        "useInlineDiffs": false,
        "code": true
      },
      "version": "6.2.2"
    },
    "marge": {
      "options": {
        "id": "default",
        "quite": true,
        "overwrite": false,
        "html": false,
        "json": true
      },
      "version": "5.2.0"
    }
  }
}